Using Keras version 2.1.0
Number of train examples 60000
Size of train examples (28, 28)
Epoch 1/20

  128/60000 [..............................] - ETA: 8:16 - loss: 2.3416 - acc: 0.0859
 1280/60000 [..............................] - ETA: 51s - loss: 2.3327 - acc: 0.0930 
 2560/60000 [>.............................] - ETA: 26s - loss: 2.3192 - acc: 0.0980
 3840/60000 [>.............................] - ETA: 17s - loss: 2.3105 - acc: 0.1026
 5120/60000 [=>............................] - ETA: 13s - loss: 2.3024 - acc: 0.1105
 6400/60000 [==>...........................] - ETA: 11s - loss: 2.2936 - acc: 0.1219
 7680/60000 [==>...........................] - ETA: 9s - loss: 2.2848 - acc: 0.1276 
 8960/60000 [===>..........................] - ETA: 8s - loss: 2.2772 - acc: 0.1377
10240/60000 [====>.........................] - ETA: 7s - loss: 2.2689 - acc: 0.1463
11520/60000 [====>.........................] - ETA: 6s - loss: 2.2594 - acc: 0.1543
12800/60000 [=====>........................] - ETA: 5s - loss: 2.2504 - acc: 0.1613
14080/60000 [======>.......................] - ETA: 5s - loss: 2.2410 - acc: 0.1685
15360/60000 [======>.......................] - ETA: 4s - loss: 2.2313 - acc: 0.1756
16640/60000 [=======>......................] - ETA: 4s - loss: 2.2214 - acc: 0.1829
17920/60000 [=======>......................] - ETA: 4s - loss: 2.2101 - acc: 0.1916
19200/60000 [========>.....................] - ETA: 3s - loss: 2.1992 - acc: 0.1980
20480/60000 [=========>....................] - ETA: 3s - loss: 2.1872 - acc: 0.2043
21760/60000 [=========>....................] - ETA: 3s - loss: 2.1747 - acc: 0.2109
23040/60000 [==========>...................] - ETA: 3s - loss: 2.1618 - acc: 0.2173
24320/60000 [===========>..................] - ETA: 3s - loss: 2.1485 - acc: 0.2246
25600/60000 [===========>..................] - ETA: 2s - loss: 2.1338 - acc: 0.2332
26880/60000 [============>.................] - ETA: 2s - loss: 2.1208 - acc: 0.2408
28160/60000 [=============>................] - ETA: 2s - loss: 2.1061 - acc: 0.2510
29440/60000 [=============>................] - ETA: 2s - loss: 2.0913 - acc: 0.2609
30720/60000 [==============>...............] - ETA: 2s - loss: 2.0767 - acc: 0.2713
32000/60000 [===============>..............] - ETA: 2s - loss: 2.0601 - acc: 0.2840
33280/60000 [===============>..............] - ETA: 1s - loss: 2.0441 - acc: 0.2951
34560/60000 [================>.............] - ETA: 1s - loss: 2.0266 - acc: 0.3067
35840/60000 [================>.............] - ETA: 1s - loss: 2.0099 - acc: 0.3177
37120/60000 [=================>............] - ETA: 1s - loss: 1.9919 - acc: 0.3297
38400/60000 [==================>...........] - ETA: 1s - loss: 1.9737 - acc: 0.3414
39680/60000 [==================>...........] - ETA: 1s - loss: 1.9555 - acc: 0.3524
40960/60000 [===================>..........] - ETA: 1s - loss: 1.9363 - acc: 0.3637
42240/60000 [====================>.........] - ETA: 1s - loss: 1.9175 - acc: 0.3746
43520/60000 [====================>.........] - ETA: 1s - loss: 1.8986 - acc: 0.3846
44800/60000 [=====================>........] - ETA: 0s - loss: 1.8795 - acc: 0.3947
46080/60000 [======================>.......] - ETA: 0s - loss: 1.8598 - acc: 0.4046
47360/60000 [======================>.......] - ETA: 0s - loss: 1.8392 - acc: 0.4143
48640/60000 [=======================>......] - ETA: 0s - loss: 1.8199 - acc: 0.4231
49920/60000 [=======================>......] - ETA: 0s - loss: 1.8007 - acc: 0.4313
51200/60000 [========================>.....] - ETA: 0s - loss: 1.7815 - acc: 0.4395
52480/60000 [=========================>....] - ETA: 0s - loss: 1.7620 - acc: 0.4478
53760/60000 [=========================>....] - ETA: 0s - loss: 1.7428 - acc: 0.4557
55040/60000 [==========================>...] - ETA: 0s - loss: 1.7238 - acc: 0.4636
56320/60000 [===========================>..] - ETA: 0s - loss: 1.7054 - acc: 0.4708
57600/60000 [===========================>..] - ETA: 0s - loss: 1.6863 - acc: 0.4781
58880/60000 [============================>.] - ETA: 0s - loss: 1.6685 - acc: 0.4847
60000/60000 [==============================] - 3s 58us/step - loss: 1.6522 - acc: 0.4907
Epoch 2/20

  128/60000 [..............................] - ETA: 3s - loss: 0.7556 - acc: 0.8359
 1408/60000 [..............................] - ETA: 2s - loss: 0.7911 - acc: 0.8125
 2688/60000 [>.............................] - ETA: 2s - loss: 0.7830 - acc: 0.8106
 3968/60000 [>.............................] - ETA: 2s - loss: 0.7720 - acc: 0.8153
 5248/60000 [=>............................] - ETA: 2s - loss: 0.7599 - acc: 0.8190
 6528/60000 [==>...........................] - ETA: 2s - loss: 0.7547 - acc: 0.8218
 7808/60000 [==>...........................] - ETA: 2s - loss: 0.7490 - acc: 0.8213
 9088/60000 [===>..........................] - ETA: 2s - loss: 0.7365 - acc: 0.8231
10368/60000 [====>.........................] - ETA: 2s - loss: 0.7281 - acc: 0.8245
11648/60000 [====>.........................] - ETA: 1s - loss: 0.7246 - acc: 0.8247
12928/60000 [=====>........................] - ETA: 1s - loss: 0.7187 - acc: 0.8250
14208/60000 [======>.......................] - ETA: 1s - loss: 0.7094 - acc: 0.8270
15488/60000 [======>.......................] - ETA: 1s - loss: 0.7050 - acc: 0.8261
16768/60000 [=======>......................] - ETA: 1s - loss: 0.7015 - acc: 0.8259
18048/60000 [========>.....................] - ETA: 1s - loss: 0.6972 - acc: 0.8262
19328/60000 [========>.....................] - ETA: 1s - loss: 0.6917 - acc: 0.8269
20608/60000 [=========>....................] - ETA: 1s - loss: 0.6853 - acc: 0.8285
21888/60000 [=========>....................] - ETA: 1s - loss: 0.6775 - acc: 0.8302
23168/60000 [==========>...................] - ETA: 1s - loss: 0.6740 - acc: 0.8302
24448/60000 [===========>..................] - ETA: 1s - loss: 0.6708 - acc: 0.8300
25728/60000 [===========>..................] - ETA: 1s - loss: 0.6653 - acc: 0.8311
26880/60000 [============>.................] - ETA: 1s - loss: 0.6609 - acc: 0.8320
28160/60000 [=============>................] - ETA: 1s - loss: 0.6553 - acc: 0.8330
29440/60000 [=============>................] - ETA: 1s - loss: 0.6512 - acc: 0.8338
30592/60000 [==============>...............] - ETA: 1s - loss: 0.6478 - acc: 0.8339
31744/60000 [==============>...............] - ETA: 1s - loss: 0.6432 - acc: 0.8349
33024/60000 [===============>..............] - ETA: 1s - loss: 0.6384 - acc: 0.8359
34304/60000 [================>.............] - ETA: 1s - loss: 0.6338 - acc: 0.8366
35584/60000 [================>.............] - ETA: 1s - loss: 0.6291 - acc: 0.8375
36864/60000 [=================>............] - ETA: 0s - loss: 0.6250 - acc: 0.8381
38016/60000 [==================>...........] - ETA: 0s - loss: 0.6218 - acc: 0.8384
39168/60000 [==================>...........] - ETA: 0s - loss: 0.6185 - acc: 0.8391
40320/60000 [===================>..........] - ETA: 0s - loss: 0.6147 - acc: 0.8397
41600/60000 [===================>..........] - ETA: 0s - loss: 0.6102 - acc: 0.8406
42880/60000 [====================>.........] - ETA: 0s - loss: 0.6066 - acc: 0.8413
44160/60000 [=====================>........] - ETA: 0s - loss: 0.6038 - acc: 0.8420
45440/60000 [=====================>........] - ETA: 0s - loss: 0.6003 - acc: 0.8425
46720/60000 [======================>.......] - ETA: 0s - loss: 0.5968 - acc: 0.8433
48000/60000 [=======================>......] - ETA: 0s - loss: 0.5931 - acc: 0.8439
49280/60000 [=======================>......] - ETA: 0s - loss: 0.5905 - acc: 0.8446
50432/60000 [========================>.....] - ETA: 0s - loss: 0.5876 - acc: 0.8452
51584/60000 [========================>.....] - ETA: 0s - loss: 0.5852 - acc: 0.8456
52864/60000 [=========================>....] - ETA: 0s - loss: 0.5824 - acc: 0.8463
54144/60000 [==========================>...] - ETA: 0s - loss: 0.5796 - acc: 0.8468
55424/60000 [==========================>...] - ETA: 0s - loss: 0.5771 - acc: 0.8471
56576/60000 [===========================>..] - ETA: 0s - loss: 0.5745 - acc: 0.8476
57728/60000 [===========================>..] - ETA: 0s - loss: 0.5717 - acc: 0.8483
58880/60000 [============================>.] - ETA: 0s - loss: 0.5697 - acc: 0.8486
60000/60000 [==============================] - 3s 42us/step - loss: 0.5676 - acc: 0.8490
Epoch 3/20

  128/60000 [..............................] - ETA: 3s - loss: 0.4204 - acc: 0.8672
 1408/60000 [..............................] - ETA: 2s - loss: 0.4724 - acc: 0.8615
 2688/60000 [>.............................] - ETA: 2s - loss: 0.4473 - acc: 0.8757
 3840/60000 [>.............................] - ETA: 2s - loss: 0.4441 - acc: 0.8805
 5120/60000 [=>............................] - ETA: 2s - loss: 0.4551 - acc: 0.8768
 6400/60000 [==>...........................] - ETA: 2s - loss: 0.4413 - acc: 0.8806
 7680/60000 [==>...........................] - ETA: 2s - loss: 0.4471 - acc: 0.8763
 8960/60000 [===>..........................] - ETA: 2s - loss: 0.4475 - acc: 0.8757
10240/60000 [====>.........................] - ETA: 2s - loss: 0.4439 - acc: 0.8776
11520/60000 [====>.........................] - ETA: 2s - loss: 0.4406 - acc: 0.8771
12800/60000 [=====>........................] - ETA: 1s - loss: 0.4408 - acc: 0.8768
14080/60000 [======>.......................] - ETA: 1s - loss: 0.4382 - acc: 0.8776
15360/60000 [======>.......................] - ETA: 1s - loss: 0.4394 - acc: 0.8766
16640/60000 [=======>......................] - ETA: 1s - loss: 0.4360 - acc: 0.8778
17920/60000 [=======>......................] - ETA: 1s - loss: 0.4357 - acc: 0.8783
19072/60000 [========>.....................] - ETA: 1s - loss: 0.4317 - acc: 0.8791
20352/60000 [=========>....................] - ETA: 1s - loss: 0.4329 - acc: 0.8788
21632/60000 [=========>....................] - ETA: 1s - loss: 0.4307 - acc: 0.8799
22912/60000 [==========>...................] - ETA: 1s - loss: 0.4303 - acc: 0.8799
24064/60000 [===========>..................] - ETA: 1s - loss: 0.4293 - acc: 0.8804
25088/60000 [===========>..................] - ETA: 1s - loss: 0.4287 - acc: 0.8805
26368/60000 [============>.................] - ETA: 1s - loss: 0.4286 - acc: 0.8805
27648/60000 [============>.................] - ETA: 1s - loss: 0.4279 - acc: 0.8808
28928/60000 [=============>................] - ETA: 1s - loss: 0.4250 - acc: 0.8810
30080/60000 [==============>...............] - ETA: 1s - loss: 0.4243 - acc: 0.8812
31360/60000 [==============>...............] - ETA: 1s - loss: 0.4225 - acc: 0.8819
32640/60000 [===============>..............] - ETA: 1s - loss: 0.4220 - acc: 0.8814
33920/60000 [===============>..............] - ETA: 1s - loss: 0.4208 - acc: 0.8814
35072/60000 [================>.............] - ETA: 1s - loss: 0.4201 - acc: 0.8817
36352/60000 [=================>............] - ETA: 0s - loss: 0.4191 - acc: 0.8820
37632/60000 [=================>............] - ETA: 0s - loss: 0.4186 - acc: 0.8823
38912/60000 [==================>...........] - ETA: 0s - loss: 0.4178 - acc: 0.8826
40192/60000 [===================>..........] - ETA: 0s - loss: 0.4164 - acc: 0.8831
41472/60000 [===================>..........] - ETA: 0s - loss: 0.4150 - acc: 0.8835
42752/60000 [====================>.........] - ETA: 0s - loss: 0.4144 - acc: 0.8835
44032/60000 [=====================>........] - ETA: 0s - loss: 0.4138 - acc: 0.8835
45312/60000 [=====================>........] - ETA: 0s - loss: 0.4131 - acc: 0.8837
46592/60000 [======================>.......] - ETA: 0s - loss: 0.4113 - acc: 0.8841
47872/60000 [======================>.......] - ETA: 0s - loss: 0.4108 - acc: 0.8843
49152/60000 [=======================>......] - ETA: 0s - loss: 0.4105 - acc: 0.8841
50432/60000 [========================>.....] - ETA: 0s - loss: 0.4093 - acc: 0.8843
51712/60000 [========================>.....] - ETA: 0s - loss: 0.4075 - acc: 0.8847
52992/60000 [=========================>....] - ETA: 0s - loss: 0.4065 - acc: 0.8849
54272/60000 [==========================>...] - ETA: 0s - loss: 0.4060 - acc: 0.8851
55552/60000 [==========================>...] - ETA: 0s - loss: 0.4053 - acc: 0.8851
56832/60000 [===========================>..] - ETA: 0s - loss: 0.4044 - acc: 0.8854
58112/60000 [============================>.] - ETA: 0s - loss: 0.4039 - acc: 0.8854
59392/60000 [============================>.] - ETA: 0s - loss: 0.4035 - acc: 0.8855
60000/60000 [==============================] - 2s 42us/step - loss: 0.4034 - acc: 0.8853
Epoch 4/20

  128/60000 [..............................] - ETA: 3s - loss: 0.3997 - acc: 0.8828
 1280/60000 [..............................] - ETA: 2s - loss: 0.3966 - acc: 0.8859
 2560/60000 [>.............................] - ETA: 2s - loss: 0.3831 - acc: 0.8887
 3840/60000 [>.............................] - ETA: 2s - loss: 0.3705 - acc: 0.8938
 5120/60000 [=>............................] - ETA: 2s - loss: 0.3601 - acc: 0.8965
 6400/60000 [==>...........................] - ETA: 2s - loss: 0.3727 - acc: 0.8927
 7680/60000 [==>...........................] - ETA: 2s - loss: 0.3664 - acc: 0.8954
 8960/60000 [===>..........................] - ETA: 2s - loss: 0.3639 - acc: 0.8964
10240/60000 [====>.........................] - ETA: 2s - loss: 0.3631 - acc: 0.8974
11520/60000 [====>.........................] - ETA: 2s - loss: 0.3584 - acc: 0.8990
12800/60000 [=====>........................] - ETA: 1s - loss: 0.3611 - acc: 0.8981
14080/60000 [======>.......................] - ETA: 1s - loss: 0.3568 - acc: 0.8997
15360/60000 [======>.......................] - ETA: 1s - loss: 0.3551 - acc: 0.8997
16640/60000 [=======>......................] - ETA: 1s - loss: 0.3548 - acc: 0.8992
17920/60000 [=======>......................] - ETA: 1s - loss: 0.3528 - acc: 0.8993
19200/60000 [========>.....................] - ETA: 1s - loss: 0.3552 - acc: 0.8983
20480/60000 [=========>....................] - ETA: 1s - loss: 0.3565 - acc: 0.8983
21760/60000 [=========>....................] - ETA: 1s - loss: 0.3565 - acc: 0.8983
22912/60000 [==========>...................] - ETA: 1s - loss: 0.3589 - acc: 0.8970
24064/60000 [===========>..................] - ETA: 1s - loss: 0.3576 - acc: 0.8976
25344/60000 [===========>..................] - ETA: 1s - loss: 0.3570 - acc: 0.8977
26624/60000 [============>.................] - ETA: 1s - loss: 0.3560 - acc: 0.8980
27904/60000 [============>.................] - ETA: 1s - loss: 0.3556 - acc: 0.8980
29184/60000 [=============>................] - ETA: 1s - loss: 0.3563 - acc: 0.8980
30464/60000 [==============>...............] - ETA: 1s - loss: 0.3582 - acc: 0.8973
31744/60000 [==============>...............] - ETA: 1s - loss: 0.3565 - acc: 0.8976
33024/60000 [===============>..............] - ETA: 1s - loss: 0.3563 - acc: 0.8973
34304/60000 [================>.............] - ETA: 1s - loss: 0.3560 - acc: 0.8972
35456/60000 [================>.............] - ETA: 1s - loss: 0.3547 - acc: 0.8973
36736/60000 [=================>............] - ETA: 0s - loss: 0.3544 - acc: 0.8976
38016/60000 [==================>...........] - ETA: 0s - loss: 0.3546 - acc: 0.8975
39296/60000 [==================>...........] - ETA: 0s - loss: 0.3546 - acc: 0.8974
40576/60000 [===================>..........] - ETA: 0s - loss: 0.3543 - acc: 0.8976
41856/60000 [===================>..........] - ETA: 0s - loss: 0.3543 - acc: 0.8978
43136/60000 [====================>.........] - ETA: 0s - loss: 0.3542 - acc: 0.8979
44416/60000 [=====================>........] - ETA: 0s - loss: 0.3529 - acc: 0.8982
45696/60000 [=====================>........] - ETA: 0s - loss: 0.3523 - acc: 0.8983
46976/60000 [======================>.......] - ETA: 0s - loss: 0.3508 - acc: 0.8983
48256/60000 [=======================>......] - ETA: 0s - loss: 0.3502 - acc: 0.8986
49536/60000 [=======================>......] - ETA: 0s - loss: 0.3500 - acc: 0.8988
50816/60000 [========================>.....] - ETA: 0s - loss: 0.3503 - acc: 0.8989
52096/60000 [=========================>....] - ETA: 0s - loss: 0.3504 - acc: 0.8991
53376/60000 [=========================>....] - ETA: 0s - loss: 0.3495 - acc: 0.8994
54656/60000 [==========================>...] - ETA: 0s - loss: 0.3490 - acc: 0.8994
55936/60000 [==========================>...] - ETA: 0s - loss: 0.3488 - acc: 0.8995
57216/60000 [===========================>..] - ETA: 0s - loss: 0.3488 - acc: 0.8996
58496/60000 [============================>.] - ETA: 0s - loss: 0.3477 - acc: 0.8998
59776/60000 [============================>.] - ETA: 0s - loss: 0.3472 - acc: 0.8997
60000/60000 [==============================] - 2s 41us/step - loss: 0.3473 - acc: 0.8997
Epoch 5/20

  128/60000 [..............................] - ETA: 3s - loss: 0.3456 - acc: 0.8906
 1408/60000 [..............................] - ETA: 2s - loss: 0.3161 - acc: 0.9126
 2688/60000 [>.............................] - ETA: 2s - loss: 0.2954 - acc: 0.9167
 3968/60000 [>.............................] - ETA: 2s - loss: 0.3075 - acc: 0.9120
 5248/60000 [=>............................] - ETA: 2s - loss: 0.3186 - acc: 0.9082
 6528/60000 [==>...........................] - ETA: 2s - loss: 0.3187 - acc: 0.9070
 7808/60000 [==>...........................] - ETA: 2s - loss: 0.3141 - acc: 0.9082
 9088/60000 [===>..........................] - ETA: 2s - loss: 0.3196 - acc: 0.9080
10368/60000 [====>.........................] - ETA: 2s - loss: 0.3203 - acc: 0.9086
11648/60000 [====>.........................] - ETA: 1s - loss: 0.3222 - acc: 0.9072
12928/60000 [=====>........................] - ETA: 1s - loss: 0.3238 - acc: 0.9066
14208/60000 [======>.......................] - ETA: 1s - loss: 0.3233 - acc: 0.9072
15488/60000 [======>.......................] - ETA: 1s - loss: 0.3228 - acc: 0.9077
16768/60000 [=======>......................] - ETA: 1s - loss: 0.3226 - acc: 0.9073
18048/60000 [========>.....................] - ETA: 1s - loss: 0.3228 - acc: 0.9070
19328/60000 [========>.....................] - ETA: 1s - loss: 0.3215 - acc: 0.9073
20608/60000 [=========>....................] - ETA: 1s - loss: 0.3218 - acc: 0.9070
21888/60000 [=========>....................] - ETA: 1s - loss: 0.3221 - acc: 0.9068
23168/60000 [==========>...................] - ETA: 1s - loss: 0.3216 - acc: 0.9075
24448/60000 [===========>..................] - ETA: 1s - loss: 0.3224 - acc: 0.9079
25728/60000 [===========>..................] - ETA: 1s - loss: 0.3201 - acc: 0.9085
27008/60000 [============>.................] - ETA: 1s - loss: 0.3199 - acc: 0.9086
28288/60000 [=============>................] - ETA: 1s - loss: 0.3215 - acc: 0.9079
29568/60000 [=============>................] - ETA: 1s - loss: 0.3195 - acc: 0.9086
30848/60000 [==============>...............] - ETA: 1s - loss: 0.3201 - acc: 0.9083
32000/60000 [===============>..............] - ETA: 1s - loss: 0.3199 - acc: 0.9085
33280/60000 [===============>..............] - ETA: 1s - loss: 0.3212 - acc: 0.9081
34560/60000 [================>.............] - ETA: 1s - loss: 0.3203 - acc: 0.9084
35840/60000 [================>.............] - ETA: 0s - loss: 0.3200 - acc: 0.9086
37120/60000 [=================>............] - ETA: 0s - loss: 0.3200 - acc: 0.9087
38400/60000 [==================>...........] - ETA: 0s - loss: 0.3202 - acc: 0.9086
39680/60000 [==================>...........] - ETA: 0s - loss: 0.3192 - acc: 0.9091
40960/60000 [===================>..........] - ETA: 0s - loss: 0.3197 - acc: 0.9083
42240/60000 [====================>.........] - ETA: 0s - loss: 0.3194 - acc: 0.9083
43520/60000 [====================>.........] - ETA: 0s - loss: 0.3190 - acc: 0.9086
44800/60000 [=====================>........] - ETA: 0s - loss: 0.3183 - acc: 0.9089
46080/60000 [======================>.......] - ETA: 0s - loss: 0.3174 - acc: 0.9090
47360/60000 [======================>.......] - ETA: 0s - loss: 0.3162 - acc: 0.9094
48640/60000 [=======================>......] - ETA: 0s - loss: 0.3160 - acc: 0.9096
49920/60000 [=======================>......] - ETA: 0s - loss: 0.3157 - acc: 0.9097
51200/60000 [========================>.....] - ETA: 0s - loss: 0.3156 - acc: 0.9097
52480/60000 [=========================>....] - ETA: 0s - loss: 0.3145 - acc: 0.9099
53760/60000 [=========================>....] - ETA: 0s - loss: 0.3142 - acc: 0.9100
55040/60000 [==========================>...] - ETA: 0s - loss: 0.3138 - acc: 0.9102
56320/60000 [===========================>..] - ETA: 0s - loss: 0.3144 - acc: 0.9100
57600/60000 [===========================>..] - ETA: 0s - loss: 0.3144 - acc: 0.9100
58880/60000 [============================>.] - ETA: 0s - loss: 0.3137 - acc: 0.9102
60000/60000 [==============================] - 2s 40us/step - loss: 0.3137 - acc: 0.9102
Epoch 6/20

  128/60000 [..............................] - ETA: 3s - loss: 0.5070 - acc: 0.8359
 1408/60000 [..............................] - ETA: 2s - loss: 0.3360 - acc: 0.9027
 2560/60000 [>.............................] - ETA: 2s - loss: 0.3140 - acc: 0.9105
 3840/60000 [>.............................] - ETA: 2s - loss: 0.3103 - acc: 0.9104
 5120/60000 [=>............................] - ETA: 2s - loss: 0.3003 - acc: 0.9141
 6400/60000 [==>...........................] - ETA: 2s - loss: 0.3005 - acc: 0.9144
 7680/60000 [==>...........................] - ETA: 2s - loss: 0.2984 - acc: 0.9159
 8960/60000 [===>..........................] - ETA: 2s - loss: 0.2976 - acc: 0.9157
10240/60000 [====>.........................] - ETA: 2s - loss: 0.3007 - acc: 0.9151
11520/60000 [====>.........................] - ETA: 1s - loss: 0.3034 - acc: 0.9142
12800/60000 [=====>........................] - ETA: 1s - loss: 0.3051 - acc: 0.9134
14080/60000 [======>.......................] - ETA: 1s - loss: 0.3009 - acc: 0.9143
15360/60000 [======>.......................] - ETA: 1s - loss: 0.3001 - acc: 0.9139
16640/60000 [=======>......................] - ETA: 1s - loss: 0.2985 - acc: 0.9142
17920/60000 [=======>......................] - ETA: 1s - loss: 0.3000 - acc: 0.9142
19200/60000 [========>.....................] - ETA: 1s - loss: 0.3014 - acc: 0.9136
20480/60000 [=========>....................] - ETA: 1s - loss: 0.3003 - acc: 0.9131
21760/60000 [=========>....................] - ETA: 1s - loss: 0.3004 - acc: 0.9132
23040/60000 [==========>...................] - ETA: 1s - loss: 0.3000 - acc: 0.9133
24320/60000 [===========>..................] - ETA: 1s - loss: 0.2985 - acc: 0.9135
25600/60000 [===========>..................] - ETA: 1s - loss: 0.2975 - acc: 0.9139
26880/60000 [============>.................] - ETA: 1s - loss: 0.2977 - acc: 0.9143
28160/60000 [=============>................] - ETA: 1s - loss: 0.2978 - acc: 0.9144
29440/60000 [=============>................] - ETA: 1s - loss: 0.2960 - acc: 0.9150
30720/60000 [==============>...............] - ETA: 1s - loss: 0.2946 - acc: 0.9153
32000/60000 [===============>..............] - ETA: 1s - loss: 0.2963 - acc: 0.9149
33280/60000 [===============>..............] - ETA: 1s - loss: 0.2938 - acc: 0.9155
34560/60000 [================>.............] - ETA: 1s - loss: 0.2939 - acc: 0.9156
35840/60000 [================>.............] - ETA: 0s - loss: 0.2935 - acc: 0.9153
37120/60000 [=================>............] - ETA: 0s - loss: 0.2928 - acc: 0.9152
38400/60000 [==================>...........] - ETA: 0s - loss: 0.2925 - acc: 0.9153
39680/60000 [==================>...........] - ETA: 0s - loss: 0.2917 - acc: 0.9156
40960/60000 [===================>..........] - ETA: 0s - loss: 0.2913 - acc: 0.9157
42240/60000 [====================>.........] - ETA: 0s - loss: 0.2917 - acc: 0.9155
43520/60000 [====================>.........] - ETA: 0s - loss: 0.2918 - acc: 0.9157
44800/60000 [=====================>........] - ETA: 0s - loss: 0.2918 - acc: 0.9159
46080/60000 [======================>.......] - ETA: 0s - loss: 0.2919 - acc: 0.9160
47360/60000 [======================>.......] - ETA: 0s - loss: 0.2910 - acc: 0.9162
48640/60000 [=======================>......] - ETA: 0s - loss: 0.2903 - acc: 0.9164
49920/60000 [=======================>......] - ETA: 0s - loss: 0.2905 - acc: 0.9166
51200/60000 [========================>.....] - ETA: 0s - loss: 0.2911 - acc: 0.9165
52480/60000 [=========================>....] - ETA: 0s - loss: 0.2902 - acc: 0.9167
53760/60000 [=========================>....] - ETA: 0s - loss: 0.2901 - acc: 0.9168
55040/60000 [==========================>...] - ETA: 0s - loss: 0.2902 - acc: 0.9168
56320/60000 [===========================>..] - ETA: 0s - loss: 0.2896 - acc: 0.9171
57600/60000 [===========================>..] - ETA: 0s - loss: 0.2889 - acc: 0.9172
58880/60000 [============================>.] - ETA: 0s - loss: 0.2887 - acc: 0.9171
60000/60000 [==============================] - 2s 40us/step - loss: 0.2887 - acc: 0.9173
Epoch 7/20

  128/60000 [..............................] - ETA: 3s - loss: 0.3106 - acc: 0.9062
 1408/60000 [..............................] - ETA: 2s - loss: 0.2974 - acc: 0.9197
 2688/60000 [>.............................] - ETA: 2s - loss: 0.2997 - acc: 0.9215
 3968/60000 [>.............................] - ETA: 2s - loss: 0.2932 - acc: 0.9244
 5248/60000 [=>............................] - ETA: 2s - loss: 0.2965 - acc: 0.9211
 6400/60000 [==>...........................] - ETA: 2s - loss: 0.2950 - acc: 0.9205
 7680/60000 [==>...........................] - ETA: 2s - loss: 0.2919 - acc: 0.9214
 8960/60000 [===>..........................] - ETA: 2s - loss: 0.2935 - acc: 0.9211
10240/60000 [====>.........................] - ETA: 2s - loss: 0.2894 - acc: 0.9215
11520/60000 [====>.........................] - ETA: 1s - loss: 0.2853 - acc: 0.9227
12800/60000 [=====>........................] - ETA: 1s - loss: 0.2869 - acc: 0.9214
14080/60000 [======>.......................] - ETA: 1s - loss: 0.2842 - acc: 0.9223
15360/60000 [======>.......................] - ETA: 1s - loss: 0.2855 - acc: 0.9216
16640/60000 [=======>......................] - ETA: 1s - loss: 0.2837 - acc: 0.9220
17920/60000 [=======>......................] - ETA: 1s - loss: 0.2859 - acc: 0.9210
19200/60000 [========>.....................] - ETA: 1s - loss: 0.2830 - acc: 0.9215
20480/60000 [=========>....................] - ETA: 1s - loss: 0.2814 - acc: 0.9221
21760/60000 [=========>....................] - ETA: 1s - loss: 0.2816 - acc: 0.9221
23040/60000 [==========>...................] - ETA: 1s - loss: 0.2810 - acc: 0.9219
24320/60000 [===========>..................] - ETA: 1s - loss: 0.2802 - acc: 0.9219
25600/60000 [===========>..................] - ETA: 1s - loss: 0.2786 - acc: 0.9225
26880/60000 [============>.................] - ETA: 1s - loss: 0.2762 - acc: 0.9231
28160/60000 [=============>................] - ETA: 1s - loss: 0.2748 - acc: 0.9231
29440/60000 [=============>................] - ETA: 1s - loss: 0.2736 - acc: 0.9234
30592/60000 [==============>...............] - ETA: 1s - loss: 0.2746 - acc: 0.9232
31872/60000 [==============>...............] - ETA: 1s - loss: 0.2754 - acc: 0.9225
33152/60000 [===============>..............] - ETA: 1s - loss: 0.2752 - acc: 0.9225
34432/60000 [================>.............] - ETA: 1s - loss: 0.2746 - acc: 0.9225
35712/60000 [================>.............] - ETA: 0s - loss: 0.2744 - acc: 0.9221
36992/60000 [=================>............] - ETA: 0s - loss: 0.2734 - acc: 0.9224
38272/60000 [==================>...........] - ETA: 0s - loss: 0.2727 - acc: 0.9227
39552/60000 [==================>...........] - ETA: 0s - loss: 0.2729 - acc: 0.9228
40832/60000 [===================>..........] - ETA: 0s - loss: 0.2734 - acc: 0.9228
42112/60000 [====================>.........] - ETA: 0s - loss: 0.2731 - acc: 0.9228
43392/60000 [====================>.........] - ETA: 0s - loss: 0.2723 - acc: 0.9228
44672/60000 [=====================>........] - ETA: 0s - loss: 0.2717 - acc: 0.9229
45952/60000 [=====================>........] - ETA: 0s - loss: 0.2707 - acc: 0.9232
47232/60000 [======================>.......] - ETA: 0s - loss: 0.2705 - acc: 0.9231
48512/60000 [=======================>......] - ETA: 0s - loss: 0.2715 - acc: 0.9229
49792/60000 [=======================>......] - ETA: 0s - loss: 0.2722 - acc: 0.9228
51072/60000 [========================>.....] - ETA: 0s - loss: 0.2728 - acc: 0.9228
52352/60000 [=========================>....] - ETA: 0s - loss: 0.2727 - acc: 0.9226
53632/60000 [=========================>....] - ETA: 0s - loss: 0.2716 - acc: 0.9230
54912/60000 [==========================>...] - ETA: 0s - loss: 0.2707 - acc: 0.9233
56192/60000 [===========================>..] - ETA: 0s - loss: 0.2709 - acc: 0.9231
57472/60000 [===========================>..] - ETA: 0s - loss: 0.2701 - acc: 0.9232
58752/60000 [============================>.] - ETA: 0s - loss: 0.2694 - acc: 0.9236
60000/60000 [==============================] - 2s 41us/step - loss: 0.2693 - acc: 0.9236
Epoch 8/20

  128/60000 [..............................] - ETA: 3s - loss: 0.2168 - acc: 0.9531
 1408/60000 [..............................] - ETA: 2s - loss: 0.2781 - acc: 0.9169
 2688/60000 [>.............................] - ETA: 2s - loss: 0.2571 - acc: 0.9271
 3968/60000 [>.............................] - ETA: 2s - loss: 0.2559 - acc: 0.9279
 5248/60000 [=>............................] - ETA: 2s - loss: 0.2625 - acc: 0.9255
 6528/60000 [==>...........................] - ETA: 2s - loss: 0.2603 - acc: 0.9249
 7808/60000 [==>...........................] - ETA: 2s - loss: 0.2614 - acc: 0.9253
 9088/60000 [===>..........................] - ETA: 2s - loss: 0.2576 - acc: 0.9263
10368/60000 [====>.........................] - ETA: 2s - loss: 0.2571 - acc: 0.9257
11648/60000 [====>.........................] - ETA: 1s - loss: 0.2602 - acc: 0.9261
12928/60000 [=====>........................] - ETA: 1s - loss: 0.2591 - acc: 0.9263
14208/60000 [======>.......................] - ETA: 1s - loss: 0.2618 - acc: 0.9263
15488/60000 [======>.......................] - ETA: 1s - loss: 0.2606 - acc: 0.9268
16768/60000 [=======>......................] - ETA: 1s - loss: 0.2586 - acc: 0.9267
18048/60000 [========>.....................] - ETA: 1s - loss: 0.2574 - acc: 0.9266
19200/60000 [========>.....................] - ETA: 1s - loss: 0.2571 - acc: 0.9271
20480/60000 [=========>....................] - ETA: 1s - loss: 0.2575 - acc: 0.9272
21632/60000 [=========>....................] - ETA: 1s - loss: 0.2561 - acc: 0.9272
22912/60000 [==========>...................] - ETA: 1s - loss: 0.2579 - acc: 0.9267
24192/60000 [===========>..................] - ETA: 1s - loss: 0.2574 - acc: 0.9269
25472/60000 [===========>..................] - ETA: 1s - loss: 0.2556 - acc: 0.9274
26752/60000 [============>.................] - ETA: 1s - loss: 0.2569 - acc: 0.9269
28032/60000 [=============>................] - ETA: 1s - loss: 0.2559 - acc: 0.9269
29312/60000 [=============>................] - ETA: 1s - loss: 0.2571 - acc: 0.9265
30592/60000 [==============>...............] - ETA: 1s - loss: 0.2564 - acc: 0.9267
31872/60000 [==============>...............] - ETA: 1s - loss: 0.2576 - acc: 0.9264
33152/60000 [===============>..............] - ETA: 1s - loss: 0.2573 - acc: 0.9267
34432/60000 [================>.............] - ETA: 1s - loss: 0.2571 - acc: 0.9268
35712/60000 [================>.............] - ETA: 0s - loss: 0.2577 - acc: 0.9268
36992/60000 [=================>............] - ETA: 0s - loss: 0.2576 - acc: 0.9270
38272/60000 [==================>...........] - ETA: 0s - loss: 0.2563 - acc: 0.9272
39552/60000 [==================>...........] - ETA: 0s - loss: 0.2551 - acc: 0.9275
40832/60000 [===================>..........] - ETA: 0s - loss: 0.2553 - acc: 0.9276
42112/60000 [====================>.........] - ETA: 0s - loss: 0.2552 - acc: 0.9273
43392/60000 [====================>.........] - ETA: 0s - loss: 0.2551 - acc: 0.9274
44672/60000 [=====================>........] - ETA: 0s - loss: 0.2541 - acc: 0.9276
45952/60000 [=====================>........] - ETA: 0s - loss: 0.2534 - acc: 0.9278
47232/60000 [======================>.......] - ETA: 0s - loss: 0.2531 - acc: 0.9278
48512/60000 [=======================>......] - ETA: 0s - loss: 0.2530 - acc: 0.9277
49792/60000 [=======================>......] - ETA: 0s - loss: 0.2522 - acc: 0.9278
51072/60000 [========================>.....] - ETA: 0s - loss: 0.2523 - acc: 0.9278
52352/60000 [=========================>....] - ETA: 0s - loss: 0.2521 - acc: 0.9276
53632/60000 [=========================>....] - ETA: 0s - loss: 0.2520 - acc: 0.9277
54912/60000 [==========================>...] - ETA: 0s - loss: 0.2518 - acc: 0.9278
56192/60000 [===========================>..] - ETA: 0s - loss: 0.2519 - acc: 0.9276
57472/60000 [===========================>..] - ETA: 0s - loss: 0.2519 - acc: 0.9276
58752/60000 [============================>.] - ETA: 0s - loss: 0.2523 - acc: 0.9276
60000/60000 [==============================] - 2s 41us/step - loss: 0.2524 - acc: 0.9274
Epoch 9/20

  128/60000 [..............................] - ETA: 3s - loss: 0.2239 - acc: 0.9219
 1408/60000 [..............................] - ETA: 2s - loss: 0.2690 - acc: 0.9233
 2688/60000 [>.............................] - ETA: 2s - loss: 0.2527 - acc: 0.9282
 3968/60000 [>.............................] - ETA: 2s - loss: 0.2512 - acc: 0.9304
 5248/60000 [=>............................] - ETA: 2s - loss: 0.2536 - acc: 0.9304
 6528/60000 [==>...........................] - ETA: 2s - loss: 0.2481 - acc: 0.9337
 7808/60000 [==>...........................] - ETA: 2s - loss: 0.2477 - acc: 0.9333
 9088/60000 [===>..........................] - ETA: 2s - loss: 0.2418 - acc: 0.9342
10368/60000 [====>.........................] - ETA: 2s - loss: 0.2410 - acc: 0.9337
11648/60000 [====>.........................] - ETA: 1s - loss: 0.2414 - acc: 0.9331
12928/60000 [=====>........................] - ETA: 1s - loss: 0.2401 - acc: 0.9330
14208/60000 [======>.......................] - ETA: 1s - loss: 0.2411 - acc: 0.9331
15488/60000 [======>.......................] - ETA: 1s - loss: 0.2416 - acc: 0.9328
16768/60000 [=======>......................] - ETA: 1s - loss: 0.2432 - acc: 0.9317
17920/60000 [=======>......................] - ETA: 1s - loss: 0.2423 - acc: 0.9321
19200/60000 [========>.....................] - ETA: 1s - loss: 0.2428 - acc: 0.9317
20480/60000 [=========>....................] - ETA: 1s - loss: 0.2421 - acc: 0.9317
21760/60000 [=========>....................] - ETA: 1s - loss: 0.2419 - acc: 0.9316
23040/60000 [==========>...................] - ETA: 1s - loss: 0.2428 - acc: 0.9310
24320/60000 [===========>..................] - ETA: 1s - loss: 0.2403 - acc: 0.9317
25600/60000 [===========>..................] - ETA: 1s - loss: 0.2409 - acc: 0.9315
26752/60000 [============>.................] - ETA: 1s - loss: 0.2396 - acc: 0.9317
28032/60000 [=============>................] - ETA: 1s - loss: 0.2386 - acc: 0.9321
29312/60000 [=============>................] - ETA: 1s - loss: 0.2394 - acc: 0.9317
30592/60000 [==============>...............] - ETA: 1s - loss: 0.2410 - acc: 0.9313
31872/60000 [==============>...............] - ETA: 1s - loss: 0.2401 - acc: 0.9313
33152/60000 [===============>..............] - ETA: 1s - loss: 0.2409 - acc: 0.9310
34432/60000 [================>.............] - ETA: 1s - loss: 0.2417 - acc: 0.9308
35712/60000 [================>.............] - ETA: 0s - loss: 0.2404 - acc: 0.9313
36992/60000 [=================>............] - ETA: 0s - loss: 0.2406 - acc: 0.9316
38272/60000 [==================>...........] - ETA: 0s - loss: 0.2404 - acc: 0.9317
39552/60000 [==================>...........] - ETA: 0s - loss: 0.2398 - acc: 0.9317
40832/60000 [===================>..........] - ETA: 0s - loss: 0.2401 - acc: 0.9316
42112/60000 [====================>.........] - ETA: 0s - loss: 0.2407 - acc: 0.9313
43392/60000 [====================>.........] - ETA: 0s - loss: 0.2400 - acc: 0.9315
44672/60000 [=====================>........] - ETA: 0s - loss: 0.2410 - acc: 0.9312
45952/60000 [=====================>........] - ETA: 0s - loss: 0.2410 - acc: 0.9311
47232/60000 [======================>.......] - ETA: 0s - loss: 0.2418 - acc: 0.9307
48512/60000 [=======================>......] - ETA: 0s - loss: 0.2414 - acc: 0.9309
49792/60000 [=======================>......] - ETA: 0s - loss: 0.2408 - acc: 0.9310
51072/60000 [========================>.....] - ETA: 0s - loss: 0.2406 - acc: 0.9310
52352/60000 [=========================>....] - ETA: 0s - loss: 0.2401 - acc: 0.9312
53632/60000 [=========================>....] - ETA: 0s - loss: 0.2394 - acc: 0.9313
54912/60000 [==========================>...] - ETA: 0s - loss: 0.2395 - acc: 0.9313
56192/60000 [===========================>..] - ETA: 0s - loss: 0.2392 - acc: 0.9313
57472/60000 [===========================>..] - ETA: 0s - loss: 0.2388 - acc: 0.9315
58752/60000 [============================>.] - ETA: 0s - loss: 0.2380 - acc: 0.9318
60000/60000 [==============================] - 2s 41us/step - loss: 0.2379 - acc: 0.9319
Epoch 10/20

  128/60000 [..............................] - ETA: 3s - loss: 0.2632 - acc: 0.9453
 1408/60000 [..............................] - ETA: 2s - loss: 0.2344 - acc: 0.9332
 2688/60000 [>.............................] - ETA: 2s - loss: 0.2183 - acc: 0.9356
 3968/60000 [>.............................] - ETA: 2s - loss: 0.2106 - acc: 0.9367
 5248/60000 [=>............................] - ETA: 2s - loss: 0.2151 - acc: 0.9375
 6528/60000 [==>...........................] - ETA: 2s - loss: 0.2187 - acc: 0.9370
 7808/60000 [==>...........................] - ETA: 2s - loss: 0.2244 - acc: 0.9360
 9088/60000 [===>..........................] - ETA: 2s - loss: 0.2236 - acc: 0.9368
10368/60000 [====>.........................] - ETA: 2s - loss: 0.2232 - acc: 0.9372
11648/60000 [====>.........................] - ETA: 1s - loss: 0.2234 - acc: 0.9370
12928/60000 [=====>........................] - ETA: 1s - loss: 0.2250 - acc: 0.9364
14208/60000 [======>.......................] - ETA: 1s - loss: 0.2244 - acc: 0.9360
15488/60000 [======>.......................] - ETA: 1s - loss: 0.2228 - acc: 0.9367
16768/60000 [=======>......................] - ETA: 1s - loss: 0.2261 - acc: 0.9357
18048/60000 [========>.....................] - ETA: 1s - loss: 0.2256 - acc: 0.9363
19328/60000 [========>.....................] - ETA: 1s - loss: 0.2240 - acc: 0.9365
20608/60000 [=========>....................] - ETA: 1s - loss: 0.2245 - acc: 0.9360
21888/60000 [=========>....................] - ETA: 1s - loss: 0.2263 - acc: 0.9356
23168/60000 [==========>...................] - ETA: 1s - loss: 0.2264 - acc: 0.9358
24448/60000 [===========>..................] - ETA: 1s - loss: 0.2262 - acc: 0.9358
25728/60000 [===========>..................] - ETA: 1s - loss: 0.2276 - acc: 0.9353
27008/60000 [============>.................] - ETA: 1s - loss: 0.2288 - acc: 0.9349
28288/60000 [=============>................] - ETA: 1s - loss: 0.2275 - acc: 0.9353
29568/60000 [=============>................] - ETA: 1s - loss: 0.2264 - acc: 0.9355
30848/60000 [==============>...............] - ETA: 1s - loss: 0.2258 - acc: 0.9358
32128/60000 [===============>..............] - ETA: 1s - loss: 0.2245 - acc: 0.9362
33408/60000 [===============>..............] - ETA: 1s - loss: 0.2240 - acc: 0.9363
34688/60000 [================>.............] - ETA: 1s - loss: 0.2242 - acc: 0.9359
35968/60000 [================>.............] - ETA: 0s - loss: 0.2237 - acc: 0.9359
37248/60000 [=================>............] - ETA: 0s - loss: 0.2232 - acc: 0.9361
38528/60000 [==================>...........] - ETA: 0s - loss: 0.2227 - acc: 0.9364
39808/60000 [==================>...........] - ETA: 0s - loss: 0.2223 - acc: 0.9367
41088/60000 [===================>..........] - ETA: 0s - loss: 0.2213 - acc: 0.9368
42368/60000 [====================>.........] - ETA: 0s - loss: 0.2219 - acc: 0.9365
43648/60000 [====================>.........] - ETA: 0s - loss: 0.2228 - acc: 0.9364
44928/60000 [=====================>........] - ETA: 0s - loss: 0.2237 - acc: 0.9360
46208/60000 [======================>.......] - ETA: 0s - loss: 0.2245 - acc: 0.9361
47488/60000 [======================>.......] - ETA: 0s - loss: 0.2247 - acc: 0.9360
48768/60000 [=======================>......] - ETA: 0s - loss: 0.2248 - acc: 0.9358
50048/60000 [========================>.....] - ETA: 0s - loss: 0.2257 - acc: 0.9356
51200/60000 [========================>.....] - ETA: 0s - loss: 0.2263 - acc: 0.9356
52480/60000 [=========================>....] - ETA: 0s - loss: 0.2261 - acc: 0.9356
53760/60000 [=========================>....] - ETA: 0s - loss: 0.2255 - acc: 0.9358
55040/60000 [==========================>...] - ETA: 0s - loss: 0.2250 - acc: 0.9359
56320/60000 [===========================>..] - ETA: 0s - loss: 0.2255 - acc: 0.9357
57600/60000 [===========================>..] - ETA: 0s - loss: 0.2249 - acc: 0.9358
58880/60000 [============================>.] - ETA: 0s - loss: 0.2244 - acc: 0.9359
60000/60000 [==============================] - 2s 41us/step - loss: 0.2247 - acc: 0.9360
Epoch 11/20

  128/60000 [..............................] - ETA: 3s - loss: 0.2801 - acc: 0.9141
 1408/60000 [..............................] - ETA: 2s - loss: 0.2348 - acc: 0.9212
 2688/60000 [>.............................] - ETA: 2s - loss: 0.2248 - acc: 0.9327
 3968/60000 [>.............................] - ETA: 2s - loss: 0.2222 - acc: 0.9327
 5248/60000 [=>............................] - ETA: 2s - loss: 0.2160 - acc: 0.9352
 6528/60000 [==>...........................] - ETA: 2s - loss: 0.2093 - acc: 0.9377
 7808/60000 [==>...........................] - ETA: 2s - loss: 0.2116 - acc: 0.9370
 9088/60000 [===>..........................] - ETA: 2s - loss: 0.2140 - acc: 0.9368
10368/60000 [====>.........................] - ETA: 2s - loss: 0.2133 - acc: 0.9370
11648/60000 [====>.........................] - ETA: 1s - loss: 0.2134 - acc: 0.9373
12928/60000 [=====>........................] - ETA: 1s - loss: 0.2128 - acc: 0.9380
14208/60000 [======>.......................] - ETA: 1s - loss: 0.2130 - acc: 0.9378
15488/60000 [======>.......................] - ETA: 1s - loss: 0.2145 - acc: 0.9377
16768/60000 [=======>......................] - ETA: 1s - loss: 0.2161 - acc: 0.9376
18048/60000 [========>.....................] - ETA: 1s - loss: 0.2170 - acc: 0.9372
19328/60000 [========>.....................] - ETA: 1s - loss: 0.2177 - acc: 0.9372
20608/60000 [=========>....................] - ETA: 1s - loss: 0.2181 - acc: 0.9369
21888/60000 [=========>....................] - ETA: 1s - loss: 0.2189 - acc: 0.9363
23168/60000 [==========>...................] - ETA: 1s - loss: 0.2199 - acc: 0.9360
24448/60000 [===========>..................] - ETA: 1s - loss: 0.2202 - acc: 0.9357
25728/60000 [===========>..................] - ETA: 1s - loss: 0.2193 - acc: 0.9361
27008/60000 [============>.................] - ETA: 1s - loss: 0.2191 - acc: 0.9365
28288/60000 [=============>................] - ETA: 1s - loss: 0.2182 - acc: 0.9368
29568/60000 [=============>................] - ETA: 1s - loss: 0.2172 - acc: 0.9371
30848/60000 [==============>...............] - ETA: 1s - loss: 0.2172 - acc: 0.9373
32128/60000 [===============>..............] - ETA: 1s - loss: 0.2188 - acc: 0.9368
33408/60000 [===============>..............] - ETA: 1s - loss: 0.2177 - acc: 0.9371
34688/60000 [================>.............] - ETA: 1s - loss: 0.2176 - acc: 0.9370
35840/60000 [================>.............] - ETA: 0s - loss: 0.2174 - acc: 0.9372
36992/60000 [=================>............] - ETA: 0s - loss: 0.2174 - acc: 0.9372
38144/60000 [==================>...........] - ETA: 0s - loss: 0.2172 - acc: 0.9372
39296/60000 [==================>...........] - ETA: 0s - loss: 0.2161 - acc: 0.9377
40576/60000 [===================>..........] - ETA: 0s - loss: 0.2159 - acc: 0.9379
41856/60000 [===================>..........] - ETA: 0s - loss: 0.2172 - acc: 0.9374
43136/60000 [====================>.........] - ETA: 0s - loss: 0.2173 - acc: 0.9374
44416/60000 [=====================>........] - ETA: 0s - loss: 0.2163 - acc: 0.9377
45568/60000 [=====================>........] - ETA: 0s - loss: 0.2168 - acc: 0.9376
46848/60000 [======================>.......] - ETA: 0s - loss: 0.2173 - acc: 0.9375
48128/60000 [=======================>......] - ETA: 0s - loss: 0.2169 - acc: 0.9374
49408/60000 [=======================>......] - ETA: 0s - loss: 0.2165 - acc: 0.9374
50688/60000 [========================>.....] - ETA: 0s - loss: 0.2166 - acc: 0.9374
51968/60000 [========================>.....] - ETA: 0s - loss: 0.2157 - acc: 0.9378
53248/60000 [=========================>....] - ETA: 0s - loss: 0.2146 - acc: 0.9380
54528/60000 [==========================>...] - ETA: 0s - loss: 0.2133 - acc: 0.9385
55808/60000 [==========================>...] - ETA: 0s - loss: 0.2130 - acc: 0.9386
57088/60000 [===========================>..] - ETA: 0s - loss: 0.2124 - acc: 0.9388
58368/60000 [============================>.] - ETA: 0s - loss: 0.2130 - acc: 0.9386
59648/60000 [============================>.] - ETA: 0s - loss: 0.2133 - acc: 0.9388
60000/60000 [==============================] - 2s 41us/step - loss: 0.2131 - acc: 0.9388
Epoch 12/20

  128/60000 [..............................] - ETA: 3s - loss: 0.3108 - acc: 0.9062
 1408/60000 [..............................] - ETA: 2s - loss: 0.1960 - acc: 0.9382
 2688/60000 [>.............................] - ETA: 2s - loss: 0.1888 - acc: 0.9431
 3968/60000 [>.............................] - ETA: 2s - loss: 0.2012 - acc: 0.9413
 5248/60000 [=>............................] - ETA: 2s - loss: 0.1948 - acc: 0.9438
 6528/60000 [==>...........................] - ETA: 2s - loss: 0.1946 - acc: 0.9449
 7808/60000 [==>...........................] - ETA: 2s - loss: 0.1970 - acc: 0.9438
 9088/60000 [===>..........................] - ETA: 2s - loss: 0.2019 - acc: 0.9423
10368/60000 [====>.........................] - ETA: 2s - loss: 0.1998 - acc: 0.9435
11648/60000 [====>.........................] - ETA: 1s - loss: 0.1979 - acc: 0.9439
12928/60000 [=====>........................] - ETA: 1s - loss: 0.1979 - acc: 0.9438
14208/60000 [======>.......................] - ETA: 1s - loss: 0.2009 - acc: 0.9426
15488/60000 [======>.......................] - ETA: 1s - loss: 0.1996 - acc: 0.9427
16768/60000 [=======>......................] - ETA: 1s - loss: 0.1998 - acc: 0.9429
18048/60000 [========>.....................] - ETA: 1s - loss: 0.2015 - acc: 0.9427
19328/60000 [========>.....................] - ETA: 1s - loss: 0.2030 - acc: 0.9420
20608/60000 [=========>....................] - ETA: 1s - loss: 0.2044 - acc: 0.9414
21888/60000 [=========>....................] - ETA: 1s - loss: 0.2041 - acc: 0.9413
23168/60000 [==========>...................] - ETA: 1s - loss: 0.2044 - acc: 0.9410
24448/60000 [===========>..................] - ETA: 1s - loss: 0.2051 - acc: 0.9405
25728/60000 [===========>..................] - ETA: 1s - loss: 0.2048 - acc: 0.9406
27008/60000 [============>.................] - ETA: 1s - loss: 0.2036 - acc: 0.9411
28288/60000 [=============>................] - ETA: 1s - loss: 0.2044 - acc: 0.9411
29568/60000 [=============>................] - ETA: 1s - loss: 0.2036 - acc: 0.9412
30848/60000 [==============>...............] - ETA: 1s - loss: 0.2040 - acc: 0.9410
32128/60000 [===============>..............] - ETA: 1s - loss: 0.2057 - acc: 0.9410
33408/60000 [===============>..............] - ETA: 1s - loss: 0.2081 - acc: 0.9405
34688/60000 [================>.............] - ETA: 1s - loss: 0.2077 - acc: 0.9404
35968/60000 [================>.............] - ETA: 0s - loss: 0.2082 - acc: 0.9403
37248/60000 [=================>............] - ETA: 0s - loss: 0.2073 - acc: 0.9407
38528/60000 [==================>...........] - ETA: 0s - loss: 0.2069 - acc: 0.9406
39808/60000 [==================>...........] - ETA: 0s - loss: 0.2073 - acc: 0.9405
41088/60000 [===================>..........] - ETA: 0s - loss: 0.2066 - acc: 0.9408
42368/60000 [====================>.........] - ETA: 0s - loss: 0.2066 - acc: 0.9405
43648/60000 [====================>.........] - ETA: 0s - loss: 0.2067 - acc: 0.9403
44928/60000 [=====================>........] - ETA: 0s - loss: 0.2059 - acc: 0.9404
46208/60000 [======================>.......] - ETA: 0s - loss: 0.2055 - acc: 0.9406
47488/60000 [======================>.......] - ETA: 0s - loss: 0.2056 - acc: 0.9404
48768/60000 [=======================>......] - ETA: 0s - loss: 0.2054 - acc: 0.9405
50048/60000 [========================>.....] - ETA: 0s - loss: 0.2049 - acc: 0.9406
51328/60000 [========================>.....] - ETA: 0s - loss: 0.2040 - acc: 0.9410
52608/60000 [=========================>....] - ETA: 0s - loss: 0.2037 - acc: 0.9410
53888/60000 [=========================>....] - ETA: 0s - loss: 0.2043 - acc: 0.9407
55168/60000 [==========================>...] - ETA: 0s - loss: 0.2034 - acc: 0.9409
56448/60000 [===========================>..] - ETA: 0s - loss: 0.2031 - acc: 0.9411
57728/60000 [===========================>..] - ETA: 0s - loss: 0.2032 - acc: 0.9412
59008/60000 [============================>.] - ETA: 0s - loss: 0.2031 - acc: 0.9413
60000/60000 [==============================] - 2s 40us/step - loss: 0.2025 - acc: 0.9416
Epoch 13/20

  128/60000 [..............................] - ETA: 3s - loss: 0.1501 - acc: 0.9609
 1408/60000 [..............................] - ETA: 2s - loss: 0.1949 - acc: 0.9411
 2688/60000 [>.............................] - ETA: 2s - loss: 0.2142 - acc: 0.9371
 3968/60000 [>.............................] - ETA: 2s - loss: 0.2158 - acc: 0.9393
 5248/60000 [=>............................] - ETA: 2s - loss: 0.2140 - acc: 0.9377
 6528/60000 [==>...........................] - ETA: 2s - loss: 0.2105 - acc: 0.9395
 7808/60000 [==>...........................] - ETA: 2s - loss: 0.2073 - acc: 0.9403
 9088/60000 [===>..........................] - ETA: 2s - loss: 0.2049 - acc: 0.9417
10368/60000 [====>.........................] - ETA: 2s - loss: 0.2054 - acc: 0.9417
11648/60000 [====>.........................] - ETA: 1s - loss: 0.2060 - acc: 0.9415
12928/60000 [=====>........................] - ETA: 1s - loss: 0.2049 - acc: 0.9421
14208/60000 [======>.......................] - ETA: 1s - loss: 0.2038 - acc: 0.9419
15488/60000 [======>.......................] - ETA: 1s - loss: 0.2020 - acc: 0.9425
16768/60000 [=======>......................] - ETA: 1s - loss: 0.2011 - acc: 0.9423
18048/60000 [========>.....................] - ETA: 1s - loss: 0.1995 - acc: 0.9432
19328/60000 [========>.....................] - ETA: 1s - loss: 0.2008 - acc: 0.9429
20608/60000 [=========>....................] - ETA: 1s - loss: 0.2004 - acc: 0.9429
21888/60000 [=========>....................] - ETA: 1s - loss: 0.1999 - acc: 0.9428
23168/60000 [==========>...................] - ETA: 1s - loss: 0.1995 - acc: 0.9432
24448/60000 [===========>..................] - ETA: 1s - loss: 0.1984 - acc: 0.9437
25728/60000 [===========>..................] - ETA: 1s - loss: 0.1967 - acc: 0.9445
27008/60000 [============>.................] - ETA: 1s - loss: 0.1956 - acc: 0.9448
28288/60000 [=============>................] - ETA: 1s - loss: 0.1957 - acc: 0.9447
29568/60000 [=============>................] - ETA: 1s - loss: 0.1954 - acc: 0.9448
30848/60000 [==============>...............] - ETA: 1s - loss: 0.1951 - acc: 0.9445
32128/60000 [===============>..............] - ETA: 1s - loss: 0.1943 - acc: 0.9447
33408/60000 [===============>..............] - ETA: 1s - loss: 0.1946 - acc: 0.9446
34688/60000 [================>.............] - ETA: 1s - loss: 0.1953 - acc: 0.9444
35968/60000 [================>.............] - ETA: 0s - loss: 0.1952 - acc: 0.9445
37248/60000 [=================>............] - ETA: 0s - loss: 0.1957 - acc: 0.9444
38528/60000 [==================>...........] - ETA: 0s - loss: 0.1947 - acc: 0.9446
39808/60000 [==================>...........] - ETA: 0s - loss: 0.1945 - acc: 0.9445
41088/60000 [===================>..........] - ETA: 0s - loss: 0.1942 - acc: 0.9446
42368/60000 [====================>.........] - ETA: 0s - loss: 0.1932 - acc: 0.9450
43648/60000 [====================>.........] - ETA: 0s - loss: 0.1930 - acc: 0.9451
44928/60000 [=====================>........] - ETA: 0s - loss: 0.1930 - acc: 0.9451
46208/60000 [======================>.......] - ETA: 0s - loss: 0.1934 - acc: 0.9449
47488/60000 [======================>.......] - ETA: 0s - loss: 0.1935 - acc: 0.9445
48768/60000 [=======================>......] - ETA: 0s - loss: 0.1935 - acc: 0.9446
50048/60000 [========================>.....] - ETA: 0s - loss: 0.1935 - acc: 0.9445
51328/60000 [========================>.....] - ETA: 0s - loss: 0.1929 - acc: 0.9447
52608/60000 [=========================>....] - ETA: 0s - loss: 0.1922 - acc: 0.9447
53888/60000 [=========================>....] - ETA: 0s - loss: 0.1923 - acc: 0.9446
55168/60000 [==========================>...] - ETA: 0s - loss: 0.1929 - acc: 0.9446
56448/60000 [===========================>..] - ETA: 0s - loss: 0.1926 - acc: 0.9447
57728/60000 [===========================>..] - ETA: 0s - loss: 0.1926 - acc: 0.9448
59008/60000 [============================>.] - ETA: 0s - loss: 0.1928 - acc: 0.9449
60000/60000 [==============================] - 2s 40us/step - loss: 0.1930 - acc: 0.9447
Epoch 14/20

  128/60000 [..............................] - ETA: 3s - loss: 0.2227 - acc: 0.9453
 1408/60000 [..............................] - ETA: 2s - loss: 0.1679 - acc: 0.9482
 2688/60000 [>.............................] - ETA: 2s - loss: 0.1859 - acc: 0.9446
 3968/60000 [>.............................] - ETA: 2s - loss: 0.1834 - acc: 0.9463
 5248/60000 [=>............................] - ETA: 2s - loss: 0.1893 - acc: 0.9457
 6528/60000 [==>...........................] - ETA: 2s - loss: 0.1877 - acc: 0.9461
 7808/60000 [==>...........................] - ETA: 2s - loss: 0.1898 - acc: 0.9454
 9088/60000 [===>..........................] - ETA: 2s - loss: 0.1874 - acc: 0.9459
10368/60000 [====>.........................] - ETA: 2s - loss: 0.1833 - acc: 0.9464
11648/60000 [====>.........................] - ETA: 1s - loss: 0.1827 - acc: 0.9457
12928/60000 [=====>........................] - ETA: 1s - loss: 0.1780 - acc: 0.9472
14208/60000 [======>.......................] - ETA: 1s - loss: 0.1791 - acc: 0.9466
15488/60000 [======>.......................] - ETA: 1s - loss: 0.1791 - acc: 0.9466
16768/60000 [=======>......................] - ETA: 1s - loss: 0.1796 - acc: 0.9468
18048/60000 [========>.....................] - ETA: 1s - loss: 0.1810 - acc: 0.9464
19328/60000 [========>.....................] - ETA: 1s - loss: 0.1810 - acc: 0.9468
20608/60000 [=========>....................] - ETA: 1s - loss: 0.1808 - acc: 0.9466
21888/60000 [=========>....................] - ETA: 1s - loss: 0.1799 - acc: 0.9469
23168/60000 [==========>...................] - ETA: 1s - loss: 0.1807 - acc: 0.9466
24448/60000 [===========>..................] - ETA: 1s - loss: 0.1827 - acc: 0.9460
25728/60000 [===========>..................] - ETA: 1s - loss: 0.1838 - acc: 0.9454
27008/60000 [============>.................] - ETA: 1s - loss: 0.1847 - acc: 0.9457
28288/60000 [=============>................] - ETA: 1s - loss: 0.1865 - acc: 0.9454
29568/60000 [=============>................] - ETA: 1s - loss: 0.1853 - acc: 0.9456
30848/60000 [==============>...............] - ETA: 1s - loss: 0.1849 - acc: 0.9457
32128/60000 [===============>..............] - ETA: 1s - loss: 0.1843 - acc: 0.9459
33408/60000 [===============>..............] - ETA: 1s - loss: 0.1846 - acc: 0.9460
34688/60000 [================>.............] - ETA: 1s - loss: 0.1858 - acc: 0.9457
35968/60000 [================>.............] - ETA: 0s - loss: 0.1859 - acc: 0.9457
37248/60000 [=================>............] - ETA: 0s - loss: 0.1856 - acc: 0.9458
38528/60000 [==================>...........] - ETA: 0s - loss: 0.1851 - acc: 0.9462
39808/60000 [==================>...........] - ETA: 0s - loss: 0.1850 - acc: 0.9462
41088/60000 [===================>..........] - ETA: 0s - loss: 0.1847 - acc: 0.9463
42368/60000 [====================>.........] - ETA: 0s - loss: 0.1850 - acc: 0.9462
43648/60000 [====================>.........] - ETA: 0s - loss: 0.1851 - acc: 0.9462
44928/60000 [=====================>........] - ETA: 0s - loss: 0.1852 - acc: 0.9461
46208/60000 [======================>.......] - ETA: 0s - loss: 0.1855 - acc: 0.9460
47488/60000 [======================>.......] - ETA: 0s - loss: 0.1847 - acc: 0.9465
48768/60000 [=======================>......] - ETA: 0s - loss: 0.1853 - acc: 0.9462
50048/60000 [========================>.....] - ETA: 0s - loss: 0.1850 - acc: 0.9462
51328/60000 [========================>.....] - ETA: 0s - loss: 0.1847 - acc: 0.9462
52608/60000 [=========================>....] - ETA: 0s - loss: 0.1847 - acc: 0.9462
53888/60000 [=========================>....] - ETA: 0s - loss: 0.1845 - acc: 0.9462
55168/60000 [==========================>...] - ETA: 0s - loss: 0.1846 - acc: 0.9463
56448/60000 [===========================>..] - ETA: 0s - loss: 0.1842 - acc: 0.9466
57728/60000 [===========================>..] - ETA: 0s - loss: 0.1846 - acc: 0.9467
59008/60000 [============================>.] - ETA: 0s - loss: 0.1848 - acc: 0.9466
60000/60000 [==============================] - 2s 40us/step - loss: 0.1845 - acc: 0.9468
Epoch 15/20

  128/60000 [..............................] - ETA: 3s - loss: 0.1230 - acc: 0.9609
 1408/60000 [..............................] - ETA: 2s - loss: 0.1931 - acc: 0.9432
 2688/60000 [>.............................] - ETA: 2s - loss: 0.1838 - acc: 0.9464
 3968/60000 [>.............................] - ETA: 2s - loss: 0.1728 - acc: 0.9483
 5248/60000 [=>............................] - ETA: 2s - loss: 0.1682 - acc: 0.9495
 6528/60000 [==>...........................] - ETA: 2s - loss: 0.1746 - acc: 0.9478
 7808/60000 [==>...........................] - ETA: 2s - loss: 0.1834 - acc: 0.9452
 9088/60000 [===>..........................] - ETA: 2s - loss: 0.1798 - acc: 0.9462
10368/60000 [====>.........................] - ETA: 2s - loss: 0.1810 - acc: 0.9459
11648/60000 [====>.........................] - ETA: 1s - loss: 0.1787 - acc: 0.9465
12928/60000 [=====>........................] - ETA: 1s - loss: 0.1806 - acc: 0.9459
14208/60000 [======>.......................] - ETA: 1s - loss: 0.1807 - acc: 0.9460
15488/60000 [======>.......................] - ETA: 1s - loss: 0.1822 - acc: 0.9461
16768/60000 [=======>......................] - ETA: 1s - loss: 0.1789 - acc: 0.9475
18048/60000 [========>.....................] - ETA: 1s - loss: 0.1780 - acc: 0.9483
19328/60000 [========>.....................] - ETA: 1s - loss: 0.1771 - acc: 0.9485
20608/60000 [=========>....................] - ETA: 1s - loss: 0.1750 - acc: 0.9493
21888/60000 [=========>....................] - ETA: 1s - loss: 0.1756 - acc: 0.9494
23168/60000 [==========>...................] - ETA: 1s - loss: 0.1739 - acc: 0.9500
24448/60000 [===========>..................] - ETA: 1s - loss: 0.1750 - acc: 0.9494
25728/60000 [===========>..................] - ETA: 1s - loss: 0.1736 - acc: 0.9502
27008/60000 [============>.................] - ETA: 1s - loss: 0.1745 - acc: 0.9502
28288/60000 [=============>................] - ETA: 1s - loss: 0.1744 - acc: 0.9501
29568/60000 [=============>................] - ETA: 1s - loss: 0.1747 - acc: 0.9504
30848/60000 [==============>...............] - ETA: 1s - loss: 0.1746 - acc: 0.9504
32128/60000 [===============>..............] - ETA: 1s - loss: 0.1747 - acc: 0.9502
33408/60000 [===============>..............] - ETA: 1s - loss: 0.1758 - acc: 0.9499
34688/60000 [================>.............] - ETA: 1s - loss: 0.1770 - acc: 0.9497
35968/60000 [================>.............] - ETA: 0s - loss: 0.1770 - acc: 0.9496
37248/60000 [=================>............] - ETA: 0s - loss: 0.1778 - acc: 0.9494
38528/60000 [==================>...........] - ETA: 0s - loss: 0.1776 - acc: 0.9494
39808/60000 [==================>...........] - ETA: 0s - loss: 0.1773 - acc: 0.9493
41088/60000 [===================>..........] - ETA: 0s - loss: 0.1782 - acc: 0.9491
42368/60000 [====================>.........] - ETA: 0s - loss: 0.1776 - acc: 0.9491
43648/60000 [====================>.........] - ETA: 0s - loss: 0.1777 - acc: 0.9490
44928/60000 [=====================>........] - ETA: 0s - loss: 0.1779 - acc: 0.9490
46208/60000 [======================>.......] - ETA: 0s - loss: 0.1781 - acc: 0.9492
47488/60000 [======================>.......] - ETA: 0s - loss: 0.1774 - acc: 0.9494
48768/60000 [=======================>......] - ETA: 0s - loss: 0.1775 - acc: 0.9493
50048/60000 [========================>.....] - ETA: 0s - loss: 0.1780 - acc: 0.9492
51328/60000 [========================>.....] - ETA: 0s - loss: 0.1778 - acc: 0.9492
52608/60000 [=========================>....] - ETA: 0s - loss: 0.1780 - acc: 0.9491
53888/60000 [=========================>....] - ETA: 0s - loss: 0.1777 - acc: 0.9490
55168/60000 [==========================>...] - ETA: 0s - loss: 0.1769 - acc: 0.9494
56448/60000 [===========================>..] - ETA: 0s - loss: 0.1769 - acc: 0.9492
57728/60000 [===========================>..] - ETA: 0s - loss: 0.1771 - acc: 0.9491
59008/60000 [============================>.] - ETA: 0s - loss: 0.1770 - acc: 0.9492
60000/60000 [==============================] - 2s 40us/step - loss: 0.1767 - acc: 0.9493
Epoch 16/20

  128/60000 [..............................] - ETA: 3s - loss: 0.1063 - acc: 0.9844
 1408/60000 [..............................] - ETA: 2s - loss: 0.1689 - acc: 0.9553
 2688/60000 [>.............................] - ETA: 2s - loss: 0.1689 - acc: 0.9524
 3968/60000 [>.............................] - ETA: 2s - loss: 0.1683 - acc: 0.9531
 5248/60000 [=>............................] - ETA: 2s - loss: 0.1633 - acc: 0.9533
 6528/60000 [==>...........................] - ETA: 2s - loss: 0.1639 - acc: 0.9522
 7808/60000 [==>...........................] - ETA: 2s - loss: 0.1635 - acc: 0.9526
 9088/60000 [===>..........................] - ETA: 2s - loss: 0.1591 - acc: 0.9539
10368/60000 [====>.........................] - ETA: 1s - loss: 0.1599 - acc: 0.9531
11648/60000 [====>.........................] - ETA: 1s - loss: 0.1637 - acc: 0.9527
12928/60000 [=====>........................] - ETA: 1s - loss: 0.1643 - acc: 0.9525
14208/60000 [======>.......................] - ETA: 1s - loss: 0.1662 - acc: 0.9524
15488/60000 [======>.......................] - ETA: 1s - loss: 0.1676 - acc: 0.9517
16768/60000 [=======>......................] - ETA: 1s - loss: 0.1688 - acc: 0.9518
18048/60000 [========>.....................] - ETA: 1s - loss: 0.1694 - acc: 0.9522
19328/60000 [========>.....................] - ETA: 1s - loss: 0.1699 - acc: 0.9521
20608/60000 [=========>....................] - ETA: 1s - loss: 0.1715 - acc: 0.9518
21888/60000 [=========>....................] - ETA: 1s - loss: 0.1714 - acc: 0.9519
23168/60000 [==========>...................] - ETA: 1s - loss: 0.1707 - acc: 0.9518
24448/60000 [===========>..................] - ETA: 1s - loss: 0.1713 - acc: 0.9516
25728/60000 [===========>..................] - ETA: 1s - loss: 0.1723 - acc: 0.9514
27008/60000 [============>.................] - ETA: 1s - loss: 0.1714 - acc: 0.9516
28288/60000 [=============>................] - ETA: 1s - loss: 0.1712 - acc: 0.9515
29568/60000 [=============>................] - ETA: 1s - loss: 0.1710 - acc: 0.9512
30848/60000 [==============>...............] - ETA: 1s - loss: 0.1716 - acc: 0.9511
32128/60000 [===============>..............] - ETA: 1s - loss: 0.1710 - acc: 0.9512
33408/60000 [===============>..............] - ETA: 1s - loss: 0.1701 - acc: 0.9515
34688/60000 [================>.............] - ETA: 1s - loss: 0.1714 - acc: 0.9511
35968/60000 [================>.............] - ETA: 0s - loss: 0.1721 - acc: 0.9511
37248/60000 [=================>............] - ETA: 0s - loss: 0.1727 - acc: 0.9508
38528/60000 [==================>...........] - ETA: 0s - loss: 0.1727 - acc: 0.9509
39808/60000 [==================>...........] - ETA: 0s - loss: 0.1726 - acc: 0.9513
41088/60000 [===================>..........] - ETA: 0s - loss: 0.1729 - acc: 0.9512
42368/60000 [====================>.........] - ETA: 0s - loss: 0.1725 - acc: 0.9514
43648/60000 [====================>.........] - ETA: 0s - loss: 0.1719 - acc: 0.9512
44928/60000 [=====================>........] - ETA: 0s - loss: 0.1713 - acc: 0.9512
46208/60000 [======================>.......] - ETA: 0s - loss: 0.1711 - acc: 0.9513
47488/60000 [======================>.......] - ETA: 0s - loss: 0.1711 - acc: 0.9514
48768/60000 [=======================>......] - ETA: 0s - loss: 0.1708 - acc: 0.9515
50048/60000 [========================>.....] - ETA: 0s - loss: 0.1706 - acc: 0.9513
51328/60000 [========================>.....] - ETA: 0s - loss: 0.1704 - acc: 0.9514
52608/60000 [=========================>....] - ETA: 0s - loss: 0.1699 - acc: 0.9517
53888/60000 [=========================>....] - ETA: 0s - loss: 0.1698 - acc: 0.9516
55168/60000 [==========================>...] - ETA: 0s - loss: 0.1700 - acc: 0.9514
56448/60000 [===========================>..] - ETA: 0s - loss: 0.1701 - acc: 0.9514
57728/60000 [===========================>..] - ETA: 0s - loss: 0.1700 - acc: 0.9514
59008/60000 [============================>.] - ETA: 0s - loss: 0.1700 - acc: 0.9514
60000/60000 [==============================] - 2s 40us/step - loss: 0.1697 - acc: 0.9514
Epoch 17/20

  128/60000 [..............................] - ETA: 3s - loss: 0.2307 - acc: 0.9219
 1408/60000 [..............................] - ETA: 2s - loss: 0.1531 - acc: 0.9595
 2688/60000 [>.............................] - ETA: 2s - loss: 0.1731 - acc: 0.9531
 3968/60000 [>.............................] - ETA: 2s - loss: 0.1774 - acc: 0.9546
 5248/60000 [=>............................] - ETA: 2s - loss: 0.1713 - acc: 0.9524
 6528/60000 [==>...........................] - ETA: 2s - loss: 0.1762 - acc: 0.9504
 7808/60000 [==>...........................] - ETA: 2s - loss: 0.1781 - acc: 0.9509
 9088/60000 [===>..........................] - ETA: 2s - loss: 0.1750 - acc: 0.9514
10368/60000 [====>.........................] - ETA: 2s - loss: 0.1725 - acc: 0.9514
11648/60000 [====>.........................] - ETA: 1s - loss: 0.1712 - acc: 0.9514
12928/60000 [=====>........................] - ETA: 1s - loss: 0.1709 - acc: 0.9506
14208/60000 [======>.......................] - ETA: 1s - loss: 0.1698 - acc: 0.9505
15488/60000 [======>.......................] - ETA: 1s - loss: 0.1667 - acc: 0.9516
16768/60000 [=======>......................] - ETA: 1s - loss: 0.1671 - acc: 0.9512
18048/60000 [========>.....................] - ETA: 1s - loss: 0.1679 - acc: 0.9510
19328/60000 [========>.....................] - ETA: 1s - loss: 0.1665 - acc: 0.9516
20608/60000 [=========>....................] - ETA: 1s - loss: 0.1664 - acc: 0.9517
21888/60000 [=========>....................] - ETA: 1s - loss: 0.1648 - acc: 0.9522
23168/60000 [==========>...................] - ETA: 1s - loss: 0.1654 - acc: 0.9519
24448/60000 [===========>..................] - ETA: 1s - loss: 0.1647 - acc: 0.9522
25728/60000 [===========>..................] - ETA: 1s - loss: 0.1643 - acc: 0.9523
27008/60000 [============>.................] - ETA: 1s - loss: 0.1644 - acc: 0.9523
28288/60000 [=============>................] - ETA: 1s - loss: 0.1635 - acc: 0.9527
29568/60000 [=============>................] - ETA: 1s - loss: 0.1643 - acc: 0.9524
30848/60000 [==============>...............] - ETA: 1s - loss: 0.1646 - acc: 0.9523
32128/60000 [===============>..............] - ETA: 1s - loss: 0.1644 - acc: 0.9525
33408/60000 [===============>..............] - ETA: 1s - loss: 0.1641 - acc: 0.9526
34688/60000 [================>.............] - ETA: 1s - loss: 0.1648 - acc: 0.9527
35968/60000 [================>.............] - ETA: 0s - loss: 0.1639 - acc: 0.9530
37248/60000 [=================>............] - ETA: 0s - loss: 0.1638 - acc: 0.9529
38528/60000 [==================>...........] - ETA: 0s - loss: 0.1641 - acc: 0.9527
39808/60000 [==================>...........] - ETA: 0s - loss: 0.1629 - acc: 0.9529
41088/60000 [===================>..........] - ETA: 0s - loss: 0.1630 - acc: 0.9529
42368/60000 [====================>.........] - ETA: 0s - loss: 0.1632 - acc: 0.9530
43648/60000 [====================>.........] - ETA: 0s - loss: 0.1631 - acc: 0.9529
44928/60000 [=====================>........] - ETA: 0s - loss: 0.1626 - acc: 0.9531
46208/60000 [======================>.......] - ETA: 0s - loss: 0.1624 - acc: 0.9531
47488/60000 [======================>.......] - ETA: 0s - loss: 0.1629 - acc: 0.9529
48768/60000 [=======================>......] - ETA: 0s - loss: 0.1626 - acc: 0.9529
50048/60000 [========================>.....] - ETA: 0s - loss: 0.1631 - acc: 0.9528
51328/60000 [========================>.....] - ETA: 0s - loss: 0.1630 - acc: 0.9531
52608/60000 [=========================>....] - ETA: 0s - loss: 0.1630 - acc: 0.9530
53888/60000 [=========================>....] - ETA: 0s - loss: 0.1638 - acc: 0.9528
55168/60000 [==========================>...] - ETA: 0s - loss: 0.1641 - acc: 0.9528
56448/60000 [===========================>..] - ETA: 0s - loss: 0.1636 - acc: 0.9529
57728/60000 [===========================>..] - ETA: 0s - loss: 0.1634 - acc: 0.9530
59008/60000 [============================>.] - ETA: 0s - loss: 0.1628 - acc: 0.9531
60000/60000 [==============================] - 2s 40us/step - loss: 0.1633 - acc: 0.9530
Epoch 18/20

  128/60000 [..............................] - ETA: 3s - loss: 0.2001 - acc: 0.9219
 1408/60000 [..............................] - ETA: 2s - loss: 0.1465 - acc: 0.9545
 2688/60000 [>.............................] - ETA: 2s - loss: 0.1423 - acc: 0.9594
 3968/60000 [>.............................] - ETA: 2s - loss: 0.1453 - acc: 0.9584
 5248/60000 [=>............................] - ETA: 2s - loss: 0.1474 - acc: 0.9577
 6528/60000 [==>...........................] - ETA: 2s - loss: 0.1509 - acc: 0.9560
 7808/60000 [==>...........................] - ETA: 2s - loss: 0.1541 - acc: 0.9545
 9088/60000 [===>..........................] - ETA: 2s - loss: 0.1552 - acc: 0.9546
10368/60000 [====>.........................] - ETA: 2s - loss: 0.1548 - acc: 0.9546
11648/60000 [====>.........................] - ETA: 1s - loss: 0.1575 - acc: 0.9550
12928/60000 [=====>........................] - ETA: 1s - loss: 0.1573 - acc: 0.9552
14208/60000 [======>.......................] - ETA: 1s - loss: 0.1570 - acc: 0.9552
15488/60000 [======>.......................] - ETA: 1s - loss: 0.1586 - acc: 0.9547
16768/60000 [=======>......................] - ETA: 1s - loss: 0.1600 - acc: 0.9549
18048/60000 [========>.....................] - ETA: 1s - loss: 0.1619 - acc: 0.9547
19328/60000 [========>.....................] - ETA: 1s - loss: 0.1593 - acc: 0.9555
20608/60000 [=========>....................] - ETA: 1s - loss: 0.1602 - acc: 0.9552
21888/60000 [=========>....................] - ETA: 1s - loss: 0.1599 - acc: 0.9549
23168/60000 [==========>...................] - ETA: 1s - loss: 0.1590 - acc: 0.9550
24448/60000 [===========>..................] - ETA: 1s - loss: 0.1581 - acc: 0.9549
25728/60000 [===========>..................] - ETA: 1s - loss: 0.1575 - acc: 0.9547
27008/60000 [============>.................] - ETA: 1s - loss: 0.1591 - acc: 0.9545
28288/60000 [=============>................] - ETA: 1s - loss: 0.1600 - acc: 0.9544
29568/60000 [=============>................] - ETA: 1s - loss: 0.1604 - acc: 0.9543
30848/60000 [==============>...............] - ETA: 1s - loss: 0.1606 - acc: 0.9540
32128/60000 [===============>..............] - ETA: 1s - loss: 0.1614 - acc: 0.9539
33408/60000 [===============>..............] - ETA: 1s - loss: 0.1614 - acc: 0.9538
34688/60000 [================>.............] - ETA: 1s - loss: 0.1604 - acc: 0.9542
35968/60000 [================>.............] - ETA: 0s - loss: 0.1595 - acc: 0.9545
37248/60000 [=================>............] - ETA: 0s - loss: 0.1599 - acc: 0.9543
38528/60000 [==================>...........] - ETA: 0s - loss: 0.1596 - acc: 0.9541
39808/60000 [==================>...........] - ETA: 0s - loss: 0.1591 - acc: 0.9542
41088/60000 [===================>..........] - ETA: 0s - loss: 0.1595 - acc: 0.9541
42368/60000 [====================>.........] - ETA: 0s - loss: 0.1588 - acc: 0.9542
43648/60000 [====================>.........] - ETA: 0s - loss: 0.1591 - acc: 0.9543
44928/60000 [=====================>........] - ETA: 0s - loss: 0.1590 - acc: 0.9543
46208/60000 [======================>.......] - ETA: 0s - loss: 0.1583 - acc: 0.9545
47488/60000 [======================>.......] - ETA: 0s - loss: 0.1584 - acc: 0.9545
48768/60000 [=======================>......] - ETA: 0s - loss: 0.1582 - acc: 0.9544
50048/60000 [========================>.....] - ETA: 0s - loss: 0.1574 - acc: 0.9546
51328/60000 [========================>.....] - ETA: 0s - loss: 0.1576 - acc: 0.9546
52608/60000 [=========================>....] - ETA: 0s - loss: 0.1579 - acc: 0.9544
53888/60000 [=========================>....] - ETA: 0s - loss: 0.1584 - acc: 0.9544
55168/60000 [==========================>...] - ETA: 0s - loss: 0.1579 - acc: 0.9544
56448/60000 [===========================>..] - ETA: 0s - loss: 0.1580 - acc: 0.9544
57728/60000 [===========================>..] - ETA: 0s - loss: 0.1578 - acc: 0.9543
59008/60000 [============================>.] - ETA: 0s - loss: 0.1578 - acc: 0.9543
60000/60000 [==============================] - 2s 40us/step - loss: 0.1574 - acc: 0.9544
Epoch 19/20

  128/60000 [..............................] - ETA: 3s - loss: 0.2137 - acc: 0.9375
 1408/60000 [..............................] - ETA: 2s - loss: 0.1322 - acc: 0.9609
 2688/60000 [>.............................] - ETA: 2s - loss: 0.1389 - acc: 0.9587
 3968/60000 [>.............................] - ETA: 2s - loss: 0.1428 - acc: 0.9572
 5248/60000 [=>............................] - ETA: 2s - loss: 0.1498 - acc: 0.9552
 6528/60000 [==>...........................] - ETA: 2s - loss: 0.1518 - acc: 0.9553
 7808/60000 [==>...........................] - ETA: 2s - loss: 0.1512 - acc: 0.9572
 9088/60000 [===>..........................] - ETA: 2s - loss: 0.1512 - acc: 0.9581
10368/60000 [====>.........................] - ETA: 2s - loss: 0.1518 - acc: 0.9576
11648/60000 [====>.........................] - ETA: 1s - loss: 0.1539 - acc: 0.9578
12928/60000 [=====>........................] - ETA: 1s - loss: 0.1562 - acc: 0.9571
14208/60000 [======>.......................] - ETA: 1s - loss: 0.1557 - acc: 0.9569
15488/60000 [======>.......................] - ETA: 1s - loss: 0.1569 - acc: 0.9564
16768/60000 [=======>......................] - ETA: 1s - loss: 0.1554 - acc: 0.9566
18048/60000 [========>.....................] - ETA: 1s - loss: 0.1571 - acc: 0.9566
19328/60000 [========>.....................] - ETA: 1s - loss: 0.1560 - acc: 0.9569
20608/60000 [=========>....................] - ETA: 1s - loss: 0.1563 - acc: 0.9567
21888/60000 [=========>....................] - ETA: 1s - loss: 0.1567 - acc: 0.9565
23168/60000 [==========>...................] - ETA: 1s - loss: 0.1566 - acc: 0.9566
24448/60000 [===========>..................] - ETA: 1s - loss: 0.1562 - acc: 0.9567
25728/60000 [===========>..................] - ETA: 1s - loss: 0.1573 - acc: 0.9563
27008/60000 [============>.................] - ETA: 1s - loss: 0.1569 - acc: 0.9563
28288/60000 [=============>................] - ETA: 1s - loss: 0.1569 - acc: 0.9565
29568/60000 [=============>................] - ETA: 1s - loss: 0.1564 - acc: 0.9566
30848/60000 [==============>...............] - ETA: 1s - loss: 0.1580 - acc: 0.9562
32128/60000 [===============>..............] - ETA: 1s - loss: 0.1573 - acc: 0.9562
33408/60000 [===============>..............] - ETA: 1s - loss: 0.1566 - acc: 0.9565
34688/60000 [================>.............] - ETA: 1s - loss: 0.1572 - acc: 0.9565
35968/60000 [================>.............] - ETA: 0s - loss: 0.1570 - acc: 0.9564
37120/60000 [=================>............] - ETA: 0s - loss: 0.1567 - acc: 0.9563
38400/60000 [==================>...........] - ETA: 0s - loss: 0.1560 - acc: 0.9563
39680/60000 [==================>...........] - ETA: 0s - loss: 0.1552 - acc: 0.9564
40960/60000 [===================>..........] - ETA: 0s - loss: 0.1543 - acc: 0.9567
42240/60000 [====================>.........] - ETA: 0s - loss: 0.1538 - acc: 0.9567
43520/60000 [====================>.........] - ETA: 0s - loss: 0.1543 - acc: 0.9563
44800/60000 [=====================>........] - ETA: 0s - loss: 0.1541 - acc: 0.9564
46080/60000 [======================>.......] - ETA: 0s - loss: 0.1541 - acc: 0.9564
47360/60000 [======================>.......] - ETA: 0s - loss: 0.1537 - acc: 0.9565
48640/60000 [=======================>......] - ETA: 0s - loss: 0.1536 - acc: 0.9564
49920/60000 [=======================>......] - ETA: 0s - loss: 0.1533 - acc: 0.9563
51200/60000 [========================>.....] - ETA: 0s - loss: 0.1533 - acc: 0.9563
52480/60000 [=========================>....] - ETA: 0s - loss: 0.1529 - acc: 0.9563
53760/60000 [=========================>....] - ETA: 0s - loss: 0.1523 - acc: 0.9564
55040/60000 [==========================>...] - ETA: 0s - loss: 0.1529 - acc: 0.9560
56320/60000 [===========================>..] - ETA: 0s - loss: 0.1527 - acc: 0.9561
57600/60000 [===========================>..] - ETA: 0s - loss: 0.1526 - acc: 0.9562
58880/60000 [============================>.] - ETA: 0s - loss: 0.1522 - acc: 0.9563
60000/60000 [==============================] - 2s 40us/step - loss: 0.1518 - acc: 0.9564
Epoch 20/20

  128/60000 [..............................] - ETA: 3s - loss: 0.0888 - acc: 0.9844
 1408/60000 [..............................] - ETA: 2s - loss: 0.1190 - acc: 0.9616
 2688/60000 [>.............................] - ETA: 2s - loss: 0.1402 - acc: 0.9583
 3968/60000 [>.............................] - ETA: 2s - loss: 0.1434 - acc: 0.9592
 5248/60000 [=>............................] - ETA: 2s - loss: 0.1450 - acc: 0.9590
 6528/60000 [==>...........................] - ETA: 2s - loss: 0.1456 - acc: 0.9591
 7808/60000 [==>...........................] - ETA: 2s - loss: 0.1431 - acc: 0.9594
 9088/60000 [===>..........................] - ETA: 2s - loss: 0.1425 - acc: 0.9595
10368/60000 [====>.........................] - ETA: 1s - loss: 0.1401 - acc: 0.9598
11648/60000 [====>.........................] - ETA: 1s - loss: 0.1404 - acc: 0.9590
12928/60000 [=====>........................] - ETA: 1s - loss: 0.1404 - acc: 0.9589
14208/60000 [======>.......................] - ETA: 1s - loss: 0.1387 - acc: 0.9598
15488/60000 [======>.......................] - ETA: 1s - loss: 0.1409 - acc: 0.9595
16768/60000 [=======>......................] - ETA: 1s - loss: 0.1405 - acc: 0.9595
18048/60000 [========>.....................] - ETA: 1s - loss: 0.1412 - acc: 0.9589
19328/60000 [========>.....................] - ETA: 1s - loss: 0.1433 - acc: 0.9580
20608/60000 [=========>....................] - ETA: 1s - loss: 0.1430 - acc: 0.9580
21888/60000 [=========>....................] - ETA: 1s - loss: 0.1427 - acc: 0.9581
23168/60000 [==========>...................] - ETA: 1s - loss: 0.1424 - acc: 0.9580
24448/60000 [===========>..................] - ETA: 1s - loss: 0.1431 - acc: 0.9575
25728/60000 [===========>..................] - ETA: 1s - loss: 0.1436 - acc: 0.9576
27008/60000 [============>.................] - ETA: 1s - loss: 0.1425 - acc: 0.9582
28288/60000 [=============>................] - ETA: 1s - loss: 0.1423 - acc: 0.9585
29568/60000 [=============>................] - ETA: 1s - loss: 0.1425 - acc: 0.9584
30848/60000 [==============>...............] - ETA: 1s - loss: 0.1428 - acc: 0.9581
32128/60000 [===============>..............] - ETA: 1s - loss: 0.1431 - acc: 0.9581
33408/60000 [===============>..............] - ETA: 1s - loss: 0.1427 - acc: 0.9582
34688/60000 [================>.............] - ETA: 1s - loss: 0.1418 - acc: 0.9586
35968/60000 [================>.............] - ETA: 0s - loss: 0.1433 - acc: 0.9582
37248/60000 [=================>............] - ETA: 0s - loss: 0.1437 - acc: 0.9583
38528/60000 [==================>...........] - ETA: 0s - loss: 0.1447 - acc: 0.9582
39808/60000 [==================>...........] - ETA: 0s - loss: 0.1447 - acc: 0.9580
41088/60000 [===================>..........] - ETA: 0s - loss: 0.1448 - acc: 0.9579
42368/60000 [====================>.........] - ETA: 0s - loss: 0.1454 - acc: 0.9578
43648/60000 [====================>.........] - ETA: 0s - loss: 0.1454 - acc: 0.9578
44928/60000 [=====================>........] - ETA: 0s - loss: 0.1448 - acc: 0.9581
46208/60000 [======================>.......] - ETA: 0s - loss: 0.1455 - acc: 0.9580
47488/60000 [======================>.......] - ETA: 0s - loss: 0.1452 - acc: 0.9581
48768/60000 [=======================>......] - ETA: 0s - loss: 0.1448 - acc: 0.9582
50048/60000 [========================>.....] - ETA: 0s - loss: 0.1451 - acc: 0.9581
51328/60000 [========================>.....] - ETA: 0s - loss: 0.1448 - acc: 0.9581
52608/60000 [=========================>....] - ETA: 0s - loss: 0.1448 - acc: 0.9582
53888/60000 [=========================>....] - ETA: 0s - loss: 0.1451 - acc: 0.9580
55168/60000 [==========================>...] - ETA: 0s - loss: 0.1459 - acc: 0.9579
56448/60000 [===========================>..] - ETA: 0s - loss: 0.1454 - acc: 0.9580
57728/60000 [===========================>..] - ETA: 0s - loss: 0.1462 - acc: 0.9579
59008/60000 [============================>.] - ETA: 0s - loss: 0.1465 - acc: 0.9578
60000/60000 [==============================] - 2s 40us/step - loss: 0.1465 - acc: 0.9578
test loss: 0.14981864630058409
test accuracy: 0.9556
Analysis of results
             precision    recall  f1-score   support

          0       0.97      0.98      0.97       980
          1       0.98      0.98      0.98      1135
          2       0.96      0.95      0.95      1032
          3       0.93      0.96      0.95      1010
          4       0.96      0.95      0.96       982
          5       0.95      0.94      0.95       892
          6       0.95      0.96      0.96       958
          7       0.96      0.94      0.95      1028
          8       0.95      0.93      0.94       974
          9       0.94      0.94      0.94      1009

avg / total       0.96      0.96      0.96     10000

[[ 961    0    0    2    0    4    7    3    2    1]
 [   0 1117    3    2    0    1    4    2    6    0]
 [   8    3  979   12    3    2    8    9    7    1]
 [   0    0   10  973    0    8    1    7   11    0]
 [   1    2    6    1  933    0   10    2    2   25]
 [   6    1    0   17    1  842    8    1   10    6]
 [   9    3    4    1    6   10  922    0    3    0]
 [   0   11   16    6    3    1    0  969    1   21]
 [   4    2    5   22    4   10    9    4  908    6]
 [   6    6    0   11   17    4    1    9    3  952]]
